
------------------------------------------------------------
Sender: LSF System <lsf@psana1606.pcdsn>
Subject: Job 38092: <LAUNCHER='mpirun --bind-to none -np 2 -npernode 1' python /reg/neh/home/zhenglin/legion/language/regent.py peakFinder.rg> in cluster <slac> Done

Job <LAUNCHER='mpirun --bind-to none -np 2 -npernode 1' python /reg/neh/home/zhenglin/legion/language/regent.py peakFinder.rg> was submitted from host <psanaphi110.pcdsn> by user <zhenglin> in cluster <slac>.
Job was executed on host(s) <16*psana1606>, in queue <psfehq>, as user <zhenglin> in cluster <slac>.
                            <16*psana1607>
</reg/neh/home/zhenglin> was used as the home directory.
</reg/neh/home/zhenglin/Code/peakFinder> was used as the working directory.
Started at Wed Feb  1 12:26:40 2017
Results reported on Wed Feb  1 12:26:51 2017
Cannot open your job file: /reg/neh/home/zhenglin/.lsbatch/1485980796.38092
Successfully completed.

Resource usage summary:

    CPU time :                                   12.06 sec.
    Max Memory :                                 504 MB
    Average Memory :                             504.00 MB
    Total Requested Memory :                     -
    Delta Memory :                               -
    Max Swap :                                   -
    Max Processes :                              -
    Max Threads :                                -
    Run time :                                   10 sec.
    Turnaround time :                            15 sec.

The output (if any) is above this job summary.

