kinit: KDC can't fulfill requested option while renewing credentials
--------------------------------------------------------------------------
No OpenFabrics connection schemes reported that they were able to be
used on a specific port.  As such, the openib BTL (OpenFabrics
support) will be disabled for this port.

  Local host:           psana1613
  Local device:         mlx4_0
  Local port:           2
  CPCs attempted:       udcm
--------------------------------------------------------------------------
Loading in 1 batches
Processing in 1 batches
Loading test3.bin into panels 0 through 95
load data finished
Loading took 0.3160 seconds
Processing took 0.1535 seconds
In event 0 there were 0 peaks

  1  183    46    30    1942.6
  1  183    58    35    1970.7
In event 1 there were 2 peaks

  1  177    25     7     448.3
  1  182    31    29    1924.9
  1  182    40    42    2662.7
  1  182    51    26    1407.6
In event 2 there were 4 peaks

[psana1612:07700] 1 more process has sent help message help-mpi-btl-openib-cpc-base.txt / no cpcs for port
[psana1612:07700] Set MCA parameter "orte_base_help_aggregate" to 0 to see all help / error messages

------------------------------------------------------------
Sender: LSF System <lsf@psana1612.pcdsn>
Subject: Job 39414: <LAUNCHER='mpirun --bind-to none -np 2 -npernode 1' python /reg/neh/home/zhenglin/legion/language/regent.py peakFinder.rg> in cluster <slac> Done

Job <LAUNCHER='mpirun --bind-to none -np 2 -npernode 1' python /reg/neh/home/zhenglin/legion/language/regent.py peakFinder.rg> was submitted from host <psanaphi110.pcdsn> by user <zhenglin> in cluster <slac>.
Job was executed on host(s) <16*psana1612>, in queue <psfehq>, as user <zhenglin> in cluster <slac>.
                            <16*psana1613>
</reg/neh/home/zhenglin> was used as the home directory.
</reg/neh/home/zhenglin/Code/peakFinder> was used as the working directory.
Started at Wed Feb  1 12:30:42 2017
Results reported on Wed Feb  1 12:30:53 2017
Cannot open your job file: /reg/neh/home/zhenglin/.lsbatch/1485981040.39414
Successfully completed.

Resource usage summary:

    CPU time :                                   12.30 sec.
    Max Memory :                                 504 MB
    Average Memory :                             504.00 MB
    Total Requested Memory :                     -
    Delta Memory :                               -
    Max Swap :                                   -
    Max Processes :                              -
    Max Threads :                                -
    Run time :                                   11 sec.
    Turnaround time :                            13 sec.

The output (if any) is above this job summary.

